<?xml version="1.0" encoding="UTF-8" ?>
<testsuite tests="14" failures="0" name="org.apache.commons.lang3.CharSetTest" time="0.01" errors="0" skipped="0">
  <properties>
[...]
</properties>
  <testcase classname="org.apache.commons.lang3.CharSetTest" name="testConstructor_String_oddDash" time="0"/>
  <testcase classname="org.apache.commons.lang3.CharSetTest" name="testSerialization" time="0.008"/>
  <testcase classname="org.apache.commons.lang3.CharSetTest" name="testClass" time="0"/>
  <testcase classname="org.apache.commons.lang3.CharSetTest" name="testConstructor_String_simple" time="0.001"/>
  <testcase classname="org.apache.commons.lang3.CharSetTest" name="testEquals_Object" time="0"/>
  <testcase classname="org.apache.commons.lang3.CharSetTest" name="testContains_Char" time="0.001"/>
  <testcase classname="org.apache.commons.lang3.CharSetTest" name="testConstructor_String_combo" time="0"/>
  <testcase classname="org.apache.commons.lang3.CharSetTest" name="testConstructor_String_oddCombinations" time="0"/>
  <testcase classname="org.apache.commons.lang3.CharSetTest" name="testConstructor_String_comboNegated" time="0"/>
  <testcase classname="org.apache.commons.lang3.CharSetTest" name="testHashCode" time="0"/>
  <testcase classname="org.apache.commons.lang3.CharSetTest" name="testGetInstance_Stringarray" time="0"/>
  <testcase classname="org.apache.commons.lang3.CharSetTest" name="testConstructor_String_oddNegate" time="0"/>
  <testcase classname="org.apache.commons.lang3.CharSetTest" name="testGetInstance" time="0"/>
  <testcase classname="org.apache.commons.lang3.CharSetTest" name="testStatics" time="0"/>
</testsuite>